This file contains any messages produced by compilers while
running configure, to aid debugging if configure makes a mistake.

It was created by screen configure 1.0, which was
generated by GNU Autoconf 2.61.  Invocation command line was

  $ ./configure CPPFLAGS=-I/XGUI/XGUI/include LIBS=-lSDL -lSDL_ttf -lSDL_gfx

## --------- ##
## Platform. ##
## --------- ##

hostname = localhost.localdomain
uname -m = i686
uname -r = 2.6.23.1-42.fc8
uname -s = Linux
uname -v = #1 SMP Tue Oct 30 13:55:12 EDT 2007

/usr/bin/uname -p = unknown
/bin/uname -X     = unknown

/bin/arch              = i686
/usr/bin/arch -k       = unknown
/usr/convex/getsysinfo = unknown
/usr/bin/hostinfo      = unknown
/bin/machine           = unknown
/usr/bin/oslevel       = unknown
/bin/universe          = unknown

PATH: /usr/lib/qt-3.3/bin
PATH: /usr/kerberos/sbin
PATH: /usr/kerberos/bin
PATH: /usr/lib/ccache
PATH: /usr/local/arm/4.3.1-eabi-armv6/usr/bin
PATH: /usr/local/sbin
PATH: /usr/local/bin
PATH: /sbin
PATH: /bin
PATH: /usr/sbin
PATH: /usr/bin
PATH: /usr/X11R6/bin
PATH: /root/bin


## ----------- ##
## Core tests. ##
## ----------- ##

configure:1800: checking for a BSD-compatible install
configure:1856: result: /usr/bin/install -c
configure:1867: checking whether build environment is sane
configure:1910: result: yes
configure:1938: checking for a thread-safe mkdir -p
configure:1977: result: /bin/mkdir -p
configure:1990: checking for gawk
configure:2006: found /bin/gawk
configure:2017: result: gawk
configure:2028: checking whether make sets $(MAKE)
configure:2049: result: yes
configure:2297: checking for g++
configure:2313: found /usr/lib/ccache/g++
configure:2324: result: g++
configure:2355: checking for C++ compiler version
configure:2362: g++ --version >&5
g++ (GCC) 4.1.2 20070925 (Red Hat 4.1.2-33)
Copyright (C) 2006 Free Software Foundation, Inc.
This is free software; see the source for copying conditions.  There is NO
warranty; not even for MERCHANTABILITY or FITNESS FOR A PARTICULAR PURPOSE.

configure:2365: $? = 0
configure:2372: g++ -v >&5
Using built-in specs.
Target: i386-redhat-linux
Configured with: ../configure --prefix=/usr --mandir=/usr/share/man --infodir=/usr/share/info --enable-shared --enable-threads=posix --enable-checking=release --with-system-zlib --enable-__cxa_atexit --disable-libunwind-exceptions --enable-languages=c,c++,objc,obj-c++,java,fortran,ada --enable-java-awt=gtk --disable-dssi --enable-plugin --with-java-home=/usr/lib/jvm/java-1.5.0-gcj-1.5.0.0/jre --enable-libgcj-multifile --enable-java-maintainer-mode --with-ecj-jar=/usr/share/java/eclipse-ecj.jar --with-cpu=generic --host=i386-redhat-linux
Thread model: posix
gcc version 4.1.2 20070925 (Red Hat 4.1.2-33)
configure:2375: $? = 0
configure:2382: g++ -V >&5
g++: '-V' option must have argument
configure:2385: $? = 1
configure:2408: checking for C++ compiler default output file name
configure:2435: g++  -I/XGUI/XGUI/include  conftest.cpp -lSDL -lSDL_ttf -lSDL_gfx >&5
configure:2438: $? = 0
configure:2476: result: a.out
configure:2493: checking whether the C++ compiler works
configure:2503: ./a.out
configure:2506: $? = 0
configure:2523: result: yes
configure:2530: checking whether we are cross compiling
configure:2532: result: no
configure:2535: checking for suffix of executables
configure:2542: g++ -o conftest  -I/XGUI/XGUI/include  conftest.cpp -lSDL -lSDL_ttf -lSDL_gfx >&5
configure:2545: $? = 0
configure:2569: result: 
configure:2575: checking for suffix of object files
configure:2601: g++ -c  -I/XGUI/XGUI/include conftest.cpp >&5
configure:2604: $? = 0
configure:2627: result: o
configure:2631: checking whether we are using the GNU C++ compiler
configure:2660: g++ -c  -I/XGUI/XGUI/include conftest.cpp >&5
configure:2666: $? = 0
configure:2683: result: yes
configure:2688: checking whether g++ accepts -g
configure:2718: g++ -c -g -I/XGUI/XGUI/include conftest.cpp >&5
configure:2724: $? = 0
configure:2823: result: yes
configure:2857: checking for style of include used by make
configure:2885: result: GNU
configure:2910: checking dependency style of g++
configure:3001: result: gcc3
configure:3064: checking for gcc
configure:3080: found /usr/lib/ccache/gcc
configure:3091: result: gcc
configure:3329: checking for C compiler version
configure:3336: gcc --version >&5
gcc (GCC) 4.1.2 20070925 (Red Hat 4.1.2-33)
Copyright (C) 2006 Free Software Foundation, Inc.
This is free software; see the source for copying conditions.  There is NO
warranty; not even for MERCHANTABILITY or FITNESS FOR A PARTICULAR PURPOSE.

configure:3339: $? = 0
configure:3346: gcc -v >&5
Using built-in specs.
Target: i386-redhat-linux
Configured with: ../configure --prefix=/usr --mandir=/usr/share/man --infodir=/usr/share/info --enable-shared --enable-threads=posix --enable-checking=release --with-system-zlib --enable-__cxa_atexit --disable-libunwind-exceptions --enable-languages=c,c++,objc,obj-c++,java,fortran,ada --enable-java-awt=gtk --disable-dssi --enable-plugin --with-java-home=/usr/lib/jvm/java-1.5.0-gcj-1.5.0.0/jre --enable-libgcj-multifile --enable-java-maintainer-mode --with-ecj-jar=/usr/share/java/eclipse-ecj.jar --with-cpu=generic --host=i386-redhat-linux
Thread model: posix
gcc version 4.1.2 20070925 (Red Hat 4.1.2-33)
configure:3349: $? = 0
configure:3356: gcc -V >&5
gcc: '-V' option must have argument
configure:3359: $? = 1
configure:3362: checking whether we are using the GNU C compiler
configure:3391: gcc -c  -I/XGUI/XGUI/include conftest.c >&5
configure:3397: $? = 0
configure:3414: result: yes
configure:3419: checking whether gcc accepts -g
configure:3449: gcc -c -g -I/XGUI/XGUI/include conftest.c >&5
configure:3455: $? = 0
configure:3554: result: yes
configure:3571: checking for gcc option to accept ISO C89
configure:3645: gcc  -c -g -O2 -I/XGUI/XGUI/include conftest.c >&5
configure:3651: $? = 0
configure:3674: result: none needed
configure:3694: checking dependency style of gcc
configure:3785: result: gcc3
configure:3810: checking how to run the C preprocessor
configure:3850: gcc -E -I/XGUI/XGUI/include conftest.c
configure:3856: $? = 0
configure:3887: gcc -E -I/XGUI/XGUI/include conftest.c
conftest.c:10:28: error: ac_nonexistent.h: No such file or directory
configure:3893: $? = 1
configure: failed program was:
| /* confdefs.h.  */
| #define PACKAGE_NAME "screen"
| #define PACKAGE_TARNAME "screen"
| #define PACKAGE_VERSION "1.0"
| #define PACKAGE_STRING "screen 1.0"
| #define PACKAGE_BUGREPORT "zgxdream@gmail.com"
| #define PACKAGE "main"
| #define VERSION "1.0"
| /* end confdefs.h.  */
| #include <ac_nonexistent.h>
configure:3926: result: gcc -E
configure:3955: gcc -E -I/XGUI/XGUI/include conftest.c
configure:3961: $? = 0
configure:3992: gcc -E -I/XGUI/XGUI/include conftest.c
conftest.c:10:28: error: ac_nonexistent.h: No such file or directory
configure:3998: $? = 1
configure: failed program was:
| /* confdefs.h.  */
| #define PACKAGE_NAME "screen"
| #define PACKAGE_TARNAME "screen"
| #define PACKAGE_VERSION "1.0"
| #define PACKAGE_STRING "screen 1.0"
| #define PACKAGE_BUGREPORT "zgxdream@gmail.com"
| #define PACKAGE "main"
| #define VERSION "1.0"
| /* end confdefs.h.  */
| #include <ac_nonexistent.h>
configure:4036: checking for X
configure:4206: gcc -o conftest -g -O2 -I/XGUI/XGUI/include  conftest.c -lX11 -lSDL -lSDL_ttf -lSDL_gfx >&5
configure:4212: $? = 0
configure:4271: result: libraries , headers 
configure:4275: checking for grep that handles long lines and -e
configure:4349: result: /bin/grep
configure:4354: checking for egrep
configure:4432: result: /bin/grep -E
configure:4437: checking for ANSI C header files
configure:4467: gcc -c -g -O2 -I/XGUI/XGUI/include conftest.c >&5
configure:4473: $? = 0
configure:4572: gcc -o conftest -g -O2 -I/XGUI/XGUI/include  conftest.c -lSDL -lSDL_ttf -lSDL_gfx >&5
configure:4575: $? = 0
configure:4581: ./conftest
configure:4584: $? = 0
configure:4601: result: yes
configure:4625: checking for sys/types.h
configure:4646: gcc -c -g -O2 -I/XGUI/XGUI/include conftest.c >&5
configure:4652: $? = 0
configure:4668: result: yes
configure:4625: checking for sys/stat.h
configure:4646: gcc -c -g -O2 -I/XGUI/XGUI/include conftest.c >&5
configure:4652: $? = 0
configure:4668: result: yes
configure:4625: checking for stdlib.h
configure:4646: gcc -c -g -O2 -I/XGUI/XGUI/include conftest.c >&5
configure:4652: $? = 0
configure:4668: result: yes
configure:4625: checking for string.h
configure:4646: gcc -c -g -O2 -I/XGUI/XGUI/include conftest.c >&5
configure:4652: $? = 0
configure:4668: result: yes
configure:4625: checking for memory.h
configure:4646: gcc -c -g -O2 -I/XGUI/XGUI/include conftest.c >&5
configure:4652: $? = 0
configure:4668: result: yes
configure:4625: checking for strings.h
configure:4646: gcc -c -g -O2 -I/XGUI/XGUI/include conftest.c >&5
configure:4652: $? = 0
configure:4668: result: yes
configure:4625: checking for inttypes.h
configure:4646: gcc -c -g -O2 -I/XGUI/XGUI/include conftest.c >&5
configure:4652: $? = 0
configure:4668: result: yes
configure:4625: checking for stdint.h
configure:4646: gcc -c -g -O2 -I/XGUI/XGUI/include conftest.c >&5
configure:4652: $? = 0
configure:4668: result: yes
configure:4625: checking for unistd.h
configure:4646: gcc -c -g -O2 -I/XGUI/XGUI/include conftest.c >&5
configure:4652: $? = 0
configure:4668: result: yes
configure:4682: checking for working alloca.h
configure:4709: gcc -o conftest -g -O2 -I/XGUI/XGUI/include  conftest.c -lSDL -lSDL_ttf -lSDL_gfx >&5
configure:4715: $? = 0
configure:4732: result: yes
configure:4742: checking for alloca
configure:4789: gcc -o conftest -g -O2 -I/XGUI/XGUI/include  conftest.c -lSDL -lSDL_ttf -lSDL_gfx >&5
configure:4795: $? = 0
configure:4812: result: yes
configure:5039: checking for ANSI C header files
configure:5203: result: yes
configure:5225: checking for inttypes.h
configure:5231: result: yes
configure:5235: checking malloc.h usability
configure:5252: gcc -c -g -O2 -I/XGUI/XGUI/include conftest.c >&5
configure:5258: $? = 0
configure:5272: result: yes
configure:5276: checking malloc.h presence
configure:5291: gcc -E -I/XGUI/XGUI/include conftest.c
configure:5297: $? = 0
configure:5311: result: yes
configure:5344: checking for malloc.h
configure:5352: result: yes
configure:5225: checking for memory.h
configure:5231: result: yes
configure:5235: checking stddef.h usability
configure:5252: gcc -c -g -O2 -I/XGUI/XGUI/include conftest.c >&5
configure:5258: $? = 0
configure:5272: result: yes
configure:5276: checking stddef.h presence
configure:5291: gcc -E -I/XGUI/XGUI/include conftest.c
configure:5297: $? = 0
configure:5311: result: yes
configure:5344: checking for stddef.h
configure:5352: result: yes
configure:5225: checking for stdint.h
configure:5231: result: yes
configure:5225: checking for stdlib.h
configure:5231: result: yes
configure:5225: checking for string.h
configure:5231: result: yes
configure:5225: checking for strings.h
configure:5231: result: yes
configure:5367: checking for stdbool.h that conforms to C99
configure:5460: gcc -c -g -O2 -I/XGUI/XGUI/include conftest.c >&5
configure:5466: $? = 0
configure:5481: result: yes
configure:5483: checking for _Bool
configure:5513: gcc -c -g -O2 -I/XGUI/XGUI/include conftest.c >&5
configure:5519: $? = 0
configure:5534: result: yes
configure:5553: checking for an ANSI C-conforming const
configure:5628: gcc -c -g -O2 -I/XGUI/XGUI/include conftest.c >&5
configure:5634: $? = 0
configure:5649: result: yes
configure:5660: checking for int16_t
configure:5691: gcc -c -g -O2 -I/XGUI/XGUI/include conftest.c >&5
configure:5697: $? = 0
configure:5726: gcc -c -g -O2 -I/XGUI/XGUI/include conftest.c >&5
conftest.c: In function 'main':
conftest.c:70: error: size of array 'test_array' is negative
configure:5732: $? = 1
configure: failed program was:
| /* confdefs.h.  */
| #define PACKAGE_NAME "screen"
| #define PACKAGE_TARNAME "screen"
| #define PACKAGE_VERSION "1.0"
| #define PACKAGE_STRING "screen 1.0"
| #define PACKAGE_BUGREPORT "zgxdream@gmail.com"
| #define PACKAGE "main"
| #define VERSION "1.0"
| #define STDC_HEADERS 1
| #define HAVE_SYS_TYPES_H 1
| #define HAVE_SYS_STAT_H 1
| #define HAVE_STDLIB_H 1
| #define HAVE_STRING_H 1
| #define HAVE_MEMORY_H 1
| #define HAVE_STRINGS_H 1
| #define HAVE_INTTYPES_H 1
| #define HAVE_STDINT_H 1
| #define HAVE_UNISTD_H 1
| #define HAVE_ALLOCA_H 1
| #define HAVE_ALLOCA 1
| #define STDC_HEADERS 1
| #define HAVE_INTTYPES_H 1
| #define HAVE_MALLOC_H 1
| #define HAVE_MEMORY_H 1
| #define HAVE_STDDEF_H 1
| #define HAVE_STDINT_H 1
| #define HAVE_STDLIB_H 1
| #define HAVE_STRING_H 1
| #define HAVE_STRINGS_H 1
| #define HAVE__BOOL 1
| #define HAVE_STDBOOL_H 1
| /* end confdefs.h.  */
| #include <stdio.h>
| #ifdef HAVE_SYS_TYPES_H
| # include <sys/types.h>
| #endif
| #ifdef HAVE_SYS_STAT_H
| # include <sys/stat.h>
| #endif
| #ifdef STDC_HEADERS
| # include <stdlib.h>
| # include <stddef.h>
| #else
| # ifdef HAVE_STDLIB_H
| #  include <stdlib.h>
| # endif
| #endif
| #ifdef HAVE_STRING_H
| # if !defined STDC_HEADERS && defined HAVE_MEMORY_H
| #  include <memory.h>
| # endif
| # include <string.h>
| #endif
| #ifdef HAVE_STRINGS_H
| # include <strings.h>
| #endif
| #ifdef HAVE_INTTYPES_H
| # include <inttypes.h>
| #endif
| #ifdef HAVE_STDINT_H
| # include <stdint.h>
| #endif
| #ifdef HAVE_UNISTD_H
| # include <unistd.h>
| #endif
| int
| main ()
| {
| static int test_array [1 - 2 * !((int16_t) ((((int16_t) 1 << (16 - 2)) - 1) * 2 + 1)
| 	         < (int16_t) ((((int16_t) 1 << (16 - 2)) - 1) * 2 + 2))];
| test_array [0] = 0
| 
|   ;
|   return 0;
| }
configure:5761: result: yes
configure:5774: checking for int32_t
configure:5805: gcc -c -g -O2 -I/XGUI/XGUI/include conftest.c >&5
configure:5811: $? = 0
configure:5840: gcc -c -g -O2 -I/XGUI/XGUI/include conftest.c >&5
conftest.c: In function 'main':
conftest.c:70: warning: integer overflow in expression
conftest.c:70: error: size of array 'test_array' is negative
configure:5846: $? = 1
configure: failed program was:
| /* confdefs.h.  */
| #define PACKAGE_NAME "screen"
| #define PACKAGE_TARNAME "screen"
| #define PACKAGE_VERSION "1.0"
| #define PACKAGE_STRING "screen 1.0"
| #define PACKAGE_BUGREPORT "zgxdream@gmail.com"
| #define PACKAGE "main"
| #define VERSION "1.0"
| #define STDC_HEADERS 1
| #define HAVE_SYS_TYPES_H 1
| #define HAVE_SYS_STAT_H 1
| #define HAVE_STDLIB_H 1
| #define HAVE_STRING_H 1
| #define HAVE_MEMORY_H 1
| #define HAVE_STRINGS_H 1
| #define HAVE_INTTYPES_H 1
| #define HAVE_STDINT_H 1
| #define HAVE_UNISTD_H 1
| #define HAVE_ALLOCA_H 1
| #define HAVE_ALLOCA 1
| #define STDC_HEADERS 1
| #define HAVE_INTTYPES_H 1
| #define HAVE_MALLOC_H 1
| #define HAVE_MEMORY_H 1
| #define HAVE_STDDEF_H 1
| #define HAVE_STDINT_H 1
| #define HAVE_STDLIB_H 1
| #define HAVE_STRING_H 1
| #define HAVE_STRINGS_H 1
| #define HAVE__BOOL 1
| #define HAVE_STDBOOL_H 1
| /* end confdefs.h.  */
| #include <stdio.h>
| #ifdef HAVE_SYS_TYPES_H
| # include <sys/types.h>
| #endif
| #ifdef HAVE_SYS_STAT_H
| # include <sys/stat.h>
| #endif
| #ifdef STDC_HEADERS
| # include <stdlib.h>
| # include <stddef.h>
| #else
| # ifdef HAVE_STDLIB_H
| #  include <stdlib.h>
| # endif
| #endif
| #ifdef HAVE_STRING_H
| # if !defined STDC_HEADERS && defined HAVE_MEMORY_H
| #  include <memory.h>
| # endif
| # include <string.h>
| #endif
| #ifdef HAVE_STRINGS_H
| # include <strings.h>
| #endif
| #ifdef HAVE_INTTYPES_H
| # include <inttypes.h>
| #endif
| #ifdef HAVE_STDINT_H
| # include <stdint.h>
| #endif
| #ifdef HAVE_UNISTD_H
| # include <unistd.h>
| #endif
| int
| main ()
| {
| static int test_array [1 - 2 * !((int32_t) ((((int32_t) 1 << (32 - 2)) - 1) * 2 + 1)
| 	         < (int32_t) ((((int32_t) 1 << (32 - 2)) - 1) * 2 + 2))];
| test_array [0] = 0
| 
|   ;
|   return 0;
| }
configure:5875: result: yes
configure:5888: checking for int64_t
configure:5919: gcc -c -g -O2 -I/XGUI/XGUI/include conftest.c >&5
configure:5925: $? = 0
configure:5954: gcc -c -g -O2 -I/XGUI/XGUI/include conftest.c >&5
conftest.c: In function 'main':
conftest.c:70: warning: integer overflow in expression
conftest.c:70: error: size of array 'test_array' is negative
configure:5960: $? = 1
configure: failed program was:
| /* confdefs.h.  */
| #define PACKAGE_NAME "screen"
| #define PACKAGE_TARNAME "screen"
| #define PACKAGE_VERSION "1.0"
| #define PACKAGE_STRING "screen 1.0"
| #define PACKAGE_BUGREPORT "zgxdream@gmail.com"
| #define PACKAGE "main"
| #define VERSION "1.0"
| #define STDC_HEADERS 1
| #define HAVE_SYS_TYPES_H 1
| #define HAVE_SYS_STAT_H 1
| #define HAVE_STDLIB_H 1
| #define HAVE_STRING_H 1
| #define HAVE_MEMORY_H 1
| #define HAVE_STRINGS_H 1
| #define HAVE_INTTYPES_H 1
| #define HAVE_STDINT_H 1
| #define HAVE_UNISTD_H 1
| #define HAVE_ALLOCA_H 1
| #define HAVE_ALLOCA 1
| #define STDC_HEADERS 1
| #define HAVE_INTTYPES_H 1
| #define HAVE_MALLOC_H 1
| #define HAVE_MEMORY_H 1
| #define HAVE_STDDEF_H 1
| #define HAVE_STDINT_H 1
| #define HAVE_STDLIB_H 1
| #define HAVE_STRING_H 1
| #define HAVE_STRINGS_H 1
| #define HAVE__BOOL 1
| #define HAVE_STDBOOL_H 1
| /* end confdefs.h.  */
| #include <stdio.h>
| #ifdef HAVE_SYS_TYPES_H
| # include <sys/types.h>
| #endif
| #ifdef HAVE_SYS_STAT_H
| # include <sys/stat.h>
| #endif
| #ifdef STDC_HEADERS
| # include <stdlib.h>
| # include <stddef.h>
| #else
| # ifdef HAVE_STDLIB_H
| #  include <stdlib.h>
| # endif
| #endif
| #ifdef HAVE_STRING_H
| # if !defined STDC_HEADERS && defined HAVE_MEMORY_H
| #  include <memory.h>
| # endif
| # include <string.h>
| #endif
| #ifdef HAVE_STRINGS_H
| # include <strings.h>
| #endif
| #ifdef HAVE_INTTYPES_H
| # include <inttypes.h>
| #endif
| #ifdef HAVE_STDINT_H
| # include <stdint.h>
| #endif
| #ifdef HAVE_UNISTD_H
| # include <unistd.h>
| #endif
| int
| main ()
| {
| static int test_array [1 - 2 * !((int64_t) ((((int64_t) 1 << (64 - 2)) - 1) * 2 + 1)
| 	         < (int64_t) ((((int64_t) 1 << (64 - 2)) - 1) * 2 + 2))];
| test_array [0] = 0
| 
|   ;
|   return 0;
| }
configure:5989: result: yes
configure:6002: checking for int8_t
configure:6033: gcc -c -g -O2 -I/XGUI/XGUI/include conftest.c >&5
configure:6039: $? = 0
configure:6068: gcc -c -g -O2 -I/XGUI/XGUI/include conftest.c >&5
conftest.c: In function 'main':
conftest.c:70: error: size of array 'test_array' is negative
configure:6074: $? = 1
configure: failed program was:
| /* confdefs.h.  */
| #define PACKAGE_NAME "screen"
| #define PACKAGE_TARNAME "screen"
| #define PACKAGE_VERSION "1.0"
| #define PACKAGE_STRING "screen 1.0"
| #define PACKAGE_BUGREPORT "zgxdream@gmail.com"
| #define PACKAGE "main"
| #define VERSION "1.0"
| #define STDC_HEADERS 1
| #define HAVE_SYS_TYPES_H 1
| #define HAVE_SYS_STAT_H 1
| #define HAVE_STDLIB_H 1
| #define HAVE_STRING_H 1
| #define HAVE_MEMORY_H 1
| #define HAVE_STRINGS_H 1
| #define HAVE_INTTYPES_H 1
| #define HAVE_STDINT_H 1
| #define HAVE_UNISTD_H 1
| #define HAVE_ALLOCA_H 1
| #define HAVE_ALLOCA 1
| #define STDC_HEADERS 1
| #define HAVE_INTTYPES_H 1
| #define HAVE_MALLOC_H 1
| #define HAVE_MEMORY_H 1
| #define HAVE_STDDEF_H 1
| #define HAVE_STDINT_H 1
| #define HAVE_STDLIB_H 1
| #define HAVE_STRING_H 1
| #define HAVE_STRINGS_H 1
| #define HAVE__BOOL 1
| #define HAVE_STDBOOL_H 1
| /* end confdefs.h.  */
| #include <stdio.h>
| #ifdef HAVE_SYS_TYPES_H
| # include <sys/types.h>
| #endif
| #ifdef HAVE_SYS_STAT_H
| # include <sys/stat.h>
| #endif
| #ifdef STDC_HEADERS
| # include <stdlib.h>
| # include <stddef.h>
| #else
| # ifdef HAVE_STDLIB_H
| #  include <stdlib.h>
| # endif
| #endif
| #ifdef HAVE_STRING_H
| # if !defined STDC_HEADERS && defined HAVE_MEMORY_H
| #  include <memory.h>
| # endif
| # include <string.h>
| #endif
| #ifdef HAVE_STRINGS_H
| # include <strings.h>
| #endif
| #ifdef HAVE_INTTYPES_H
| # include <inttypes.h>
| #endif
| #ifdef HAVE_STDINT_H
| # include <stdint.h>
| #endif
| #ifdef HAVE_UNISTD_H
| # include <unistd.h>
| #endif
| int
| main ()
| {
| static int test_array [1 - 2 * !((int8_t) ((((int8_t) 1 << (8 - 2)) - 1) * 2 + 1)
| 	         < (int8_t) ((((int8_t) 1 << (8 - 2)) - 1) * 2 + 2))];
| test_array [0] = 0
| 
|   ;
|   return 0;
| }
configure:6103: result: yes
configure:6115: checking for size_t
configure:6145: gcc -c -g -O2 -I/XGUI/XGUI/include conftest.c >&5
configure:6151: $? = 0
configure:6166: result: yes
configure:6179: checking for uint16_t
configure:6210: gcc -c -g -O2 -I/XGUI/XGUI/include conftest.c >&5
configure:6216: $? = 0
configure:6237: result: yes
configure:6251: checking for uint32_t
configure:6282: gcc -c -g -O2 -I/XGUI/XGUI/include conftest.c >&5
configure:6288: $? = 0
configure:6309: result: yes
configure:6327: checking for uint64_t
configure:6358: gcc -c -g -O2 -I/XGUI/XGUI/include conftest.c >&5
configure:6364: $? = 0
configure:6385: result: yes
configure:6403: checking for uint8_t
configure:6434: gcc -c -g -O2 -I/XGUI/XGUI/include conftest.c >&5
configure:6440: $? = 0
configure:6461: result: yes
configure:6478: checking for ptrdiff_t
configure:6508: gcc -c -g -O2 -I/XGUI/XGUI/include conftest.c >&5
configure:6514: $? = 0
configure:6529: result: yes
configure:6547: checking for stdlib.h
configure:6553: result: yes
configure:6687: checking for GNU libc compatible malloc
configure:6721: gcc -o conftest -g -O2 -I/XGUI/XGUI/include  conftest.c -lSDL -lSDL_ttf -lSDL_gfx >&5
configure:6724: $? = 0
configure:6730: ./conftest
configure:6733: $? = 0
configure:6749: result: yes
configure:6782: checking for stdlib.h
configure:6788: result: yes
configure:6922: checking for GNU libc compatible realloc
configure:6956: gcc -o conftest -g -O2 -I/XGUI/XGUI/include  conftest.c -lSDL -lSDL_ttf -lSDL_gfx >&5
configure:6959: $? = 0
configure:6965: ./conftest
configure:6968: $? = 0
configure:6984: result: yes
configure:7016: checking for putenv
configure:7072: gcc -o conftest -g -O2 -I/XGUI/XGUI/include  conftest.c -lSDL -lSDL_ttf -lSDL_gfx >&5
configure:7078: $? = 0
configure:7096: result: yes
configure:7230: creating ./config.status

## ---------------------- ##
## Running config.status. ##
## ---------------------- ##

This file was extended by screen config.status 1.0, which was
generated by GNU Autoconf 2.61.  Invocation command line was

  CONFIG_FILES    = 
  CONFIG_HEADERS  = 
  CONFIG_LINKS    = 
  CONFIG_COMMANDS = 
  $ ./config.status 

on localhost.localdomain

config.status:643: creating Makefile
config.status:643: creating config.h
config.status:888: config.h is unchanged
config.status:934: executing depfiles commands

## ---------------- ##
## Cache variables. ##
## ---------------- ##

ac_cv_c_compiler_gnu=yes
ac_cv_c_const=yes
ac_cv_c_int16_t=yes
ac_cv_c_int32_t=yes
ac_cv_c_int64_t=yes
ac_cv_c_int8_t=yes
ac_cv_c_uint16_t=yes
ac_cv_c_uint32_t=yes
ac_cv_c_uint64_t=yes
ac_cv_c_uint8_t=yes
ac_cv_cxx_compiler_gnu=yes
ac_cv_env_CCC_set=
ac_cv_env_CCC_value=
ac_cv_env_CC_set=
ac_cv_env_CC_value=
ac_cv_env_CFLAGS_set=
ac_cv_env_CFLAGS_value=
ac_cv_env_CPPFLAGS_set=set
ac_cv_env_CPPFLAGS_value=-I/XGUI/XGUI/include
ac_cv_env_CPP_set=
ac_cv_env_CPP_value=
ac_cv_env_CXXFLAGS_set=
ac_cv_env_CXXFLAGS_value=
ac_cv_env_CXX_set=
ac_cv_env_CXX_value=
ac_cv_env_LDFLAGS_set=
ac_cv_env_LDFLAGS_value=
ac_cv_env_LIBS_set=set
ac_cv_env_LIBS_value='-lSDL -lSDL_ttf -lSDL_gfx'
ac_cv_env_XMKMF_set=
ac_cv_env_XMKMF_value=
ac_cv_env_build_alias_set=
ac_cv_env_build_alias_value=
ac_cv_env_host_alias_set=
ac_cv_env_host_alias_value=
ac_cv_env_target_alias_set=
ac_cv_env_target_alias_value=
ac_cv_func_alloca_works=yes
ac_cv_func_malloc_0_nonnull=yes
ac_cv_func_putenv=yes
ac_cv_func_realloc_0_nonnull=yes
ac_cv_have_x='have_x=yes	ac_x_includes='\'''\''	ac_x_libraries='\'''\'''
ac_cv_header_inttypes_h=yes
ac_cv_header_malloc_h=yes
ac_cv_header_memory_h=yes
ac_cv_header_stdbool_h=yes
ac_cv_header_stdc=yes
ac_cv_header_stddef_h=yes
ac_cv_header_stdint_h=yes
ac_cv_header_stdlib_h=yes
ac_cv_header_string_h=yes
ac_cv_header_strings_h=yes
ac_cv_header_sys_stat_h=yes
ac_cv_header_sys_types_h=yes
ac_cv_header_unistd_h=yes
ac_cv_objext=o
ac_cv_path_EGREP='/bin/grep -E'
ac_cv_path_GREP=/bin/grep
ac_cv_path_install='/usr/bin/install -c'
ac_cv_path_mkdir=/bin/mkdir
ac_cv_prog_AWK=gawk
ac_cv_prog_CPP='gcc -E'
ac_cv_prog_ac_ct_CC=gcc
ac_cv_prog_ac_ct_CXX=g++
ac_cv_prog_cc_c89=
ac_cv_prog_cc_g=yes
ac_cv_prog_cxx_g=yes
ac_cv_prog_make_make_set=yes
ac_cv_type__Bool=yes
ac_cv_type_ptrdiff_t=yes
ac_cv_type_size_t=yes
ac_cv_working_alloca_h=yes
am_cv_CC_dependencies_compiler_type=gcc3
am_cv_CXX_dependencies_compiler_type=gcc3

## ----------------- ##
## Output variables. ##
## ----------------- ##

ACLOCAL='${SHELL} /XGUI/missing --run aclocal-1.10'
ALLOCA=''
AMDEPBACKSLASH='\'
AMDEP_FALSE='#'
AMDEP_TRUE=''
AMTAR='${SHELL} /XGUI/missing --run tar'
AUTOCONF='${SHELL} /XGUI/missing --run autoconf'
AUTOHEADER='${SHELL} /XGUI/missing --run autoheader'
AUTOMAKE='${SHELL} /XGUI/missing --run automake-1.10'
AWK='gawk'
CC='gcc'
CCDEPMODE='depmode=gcc3'
CFLAGS='-g -O2'
CPP='gcc -E'
CPPFLAGS='-I/XGUI/XGUI/include'
CXX='g++'
CXXDEPMODE='depmode=gcc3'
CXXFLAGS='-g -O2'
CYGPATH_W='echo'
DEFS='-DHAVE_CONFIG_H'
DEPDIR='.deps'
ECHO_C=''
ECHO_N='-n'
ECHO_T=''
EGREP='/bin/grep -E'
EXEEXT=''
GREP='/bin/grep'
INSTALL_DATA='${INSTALL} -m 644'
INSTALL_PROGRAM='${INSTALL}'
INSTALL_SCRIPT='${INSTALL}'
INSTALL_STRIP_PROGRAM='$(install_sh) -c -s'
LDFLAGS=''
LIBOBJS=''
LIBS='-lSDL -lSDL_ttf -lSDL_gfx'
LTLIBOBJS=''
MAKEINFO='${SHELL} /XGUI/missing --run makeinfo'
OBJEXT='o'
PACKAGE='main'
PACKAGE_BUGREPORT='zgxdream@gmail.com'
PACKAGE_NAME='screen'
PACKAGE_STRING='screen 1.0'
PACKAGE_TARNAME='screen'
PACKAGE_VERSION='1.0'
PATH_SEPARATOR=':'
SET_MAKE=''
SHELL='/bin/sh'
STRIP=''
VERSION='1.0'
XMKMF=''
ac_ct_CC='gcc'
ac_ct_CXX='g++'
am__fastdepCC_FALSE='#'
am__fastdepCC_TRUE=''
am__fastdepCXX_FALSE='#'
am__fastdepCXX_TRUE=''
am__include='include'
am__isrc=''
am__leading_dot='.'
am__quote=''
am__tar='${AMTAR} chof - "$$tardir"'
am__untar='${AMTAR} xf -'
bindir='${exec_prefix}/bin'
build_alias=''
datadir='${datarootdir}'
datarootdir='${prefix}/share'
docdir='${datarootdir}/doc/${PACKAGE_TARNAME}'
dvidir='${docdir}'
exec_prefix='${prefix}'
host_alias=''
htmldir='${docdir}'
includedir='${prefix}/include'
infodir='${datarootdir}/info'
install_sh='$(SHELL) /XGUI/install-sh'
libdir='${exec_prefix}/lib'
libexecdir='${exec_prefix}/libexec'
localedir='${datarootdir}/locale'
localstatedir='${prefix}/var'
mandir='${datarootdir}/man'
mkdir_p='/bin/mkdir -p'
oldincludedir='/usr/include'
pdfdir='${docdir}'
prefix='/usr/local'
program_transform_name='s,x,x,'
psdir='${docdir}'
sbindir='${exec_prefix}/sbin'
sharedstatedir='${prefix}/com'
sysconfdir='${prefix}/etc'
target_alias=''

## ----------- ##
## confdefs.h. ##
## ----------- ##

#define PACKAGE_NAME "screen"
#define PACKAGE_TARNAME "screen"
#define PACKAGE_VERSION "1.0"
#define PACKAGE_STRING "screen 1.0"
#define PACKAGE_BUGREPORT "zgxdream@gmail.com"
#define PACKAGE "main"
#define VERSION "1.0"
#define STDC_HEADERS 1
#define HAVE_SYS_TYPES_H 1
#define HAVE_SYS_STAT_H 1
#define HAVE_STDLIB_H 1
#define HAVE_STRING_H 1
#define HAVE_MEMORY_H 1
#define HAVE_STRINGS_H 1
#define HAVE_INTTYPES_H 1
#define HAVE_STDINT_H 1
#define HAVE_UNISTD_H 1
#define HAVE_ALLOCA_H 1
#define HAVE_ALLOCA 1
#define STDC_HEADERS 1
#define HAVE_INTTYPES_H 1
#define HAVE_MALLOC_H 1
#define HAVE_MEMORY_H 1
#define HAVE_STDDEF_H 1
#define HAVE_STDINT_H 1
#define HAVE_STDLIB_H 1
#define HAVE_STRING_H 1
#define HAVE_STRINGS_H 1
#define HAVE__BOOL 1
#define HAVE_STDBOOL_H 1
#define HAVE_PTRDIFF_T 1
#define HAVE_STDLIB_H 1
#define HAVE_MALLOC 1
#define HAVE_STDLIB_H 1
#define HAVE_REALLOC 1
#define HAVE_PUTENV 1

configure: exit 0
